0 info it worked if it ends with ok
1 verbose cli [ 'C:\\Program Files\\nodejs\\node.exe',
1 verbose cli   'C:\\Program Files\\nodejs\\node_modules\\npm\\bin\\npm-cli.js',
1 verbose cli   'run',
1 verbose cli   'bot' ]
2 info using npm@3.10.9
3 info using node@v7.2.0
4 verbose run-script [ 'prebot', 'bot', 'postbot' ]
5 info lifecycle twitch-bot@1.0.0~prebot: twitch-bot@1.0.0
6 silly lifecycle twitch-bot@1.0.0~prebot: no script for prebot, continuing
7 info lifecycle twitch-bot@1.0.0~bot: twitch-bot@1.0.0
8 verbose lifecycle twitch-bot@1.0.0~bot: unsafe-perm in lifecycle true
9 verbose lifecycle twitch-bot@1.0.0~bot: PATH: C:\Program Files\nodejs\node_modules\npm\bin\node-gyp-bin;C:\users\will\desktop\twitch-bot\node_modules\.bin;C:\Users\Will\bin;C:\Program Files\Git\mingw64\bin;C:\Program Files\Git\usr\local\bin;C:\Program Files\Git\usr\bin;C:\Program Files\Git\usr\bin;C:\Program Files\Git\mingw64\bin;C:\Program Files\Git\usr\bin;C:\Users\Will\bin;C:\Program Files\Microsoft MPI\Bin;C:\Program Files\NVIDIA GPU Computing Toolkit\CUDA\v8.0\bin;C:\Program Files\NVIDIA GPU Computing Toolkit\CUDA\v8.0\libnvvp;C:\ProgramData\Oracle\Java\javapath;C:\Windows\system32;C:\Windows;C:\Windows\System32\Wbem;C:\Windows\System32\WindowsPowerShell\v1.0;C:\Program Files (x86)\Skype\Phone;C:\Program Files\nodejs;C:\Program Files\Git\usr\bin;C:\Program Files\Git\cmd;C:\Program Files\CMake\bin;C:\Program Files\Microsoft SQL Server\130\Tools\Binn;C:\Program Files (x86)\Windows Kits\10\Windows Performance Toolkit;C:\Program Files\Microsoft\Web Platform Installer;C:\Program Files\dotnet;C:\Program Files (x86)\NVIDIA Corporation\PhysX\Common;C:\Ruby24-x64\bin;C:\Ruby23-x64\bin;C:\Users\Will\AppData\Local\Programs\Python\Python35\Scripts;C:\Users\Will\AppData\Local\Programs\Python\Python35;C:\Users\Will\AppData\Local\Microsoft\WindowsApps;C:\Users\Will\AppData\Roaming\npm;C:\Program Files (x86)\Microsoft VS Code\bin;C:\Program Files\cuda\bin;C:\Program Files\Git\usr\bin\vendor_perl;C:\Program Files\Git\usr\bin\core_perl
10 verbose lifecycle twitch-bot@1.0.0~bot: CWD: C:\users\will\desktop\twitch-bot
11 silly lifecycle twitch-bot@1.0.0~bot: Args: [ '/d /s /c',
11 silly lifecycle   'gulp && electron . --enable-logging --disable-direct-composition --disable-gpu # node dist/index' ]
12 silly lifecycle twitch-bot@1.0.0~bot: Returned: code: 3221225786  signal: null
13 info lifecycle twitch-bot@1.0.0~bot: Failed to exec bot script
14 verbose stack Error: twitch-bot@1.0.0 bot: `gulp && electron . --enable-logging --disable-direct-composition --disable-gpu # node dist/index`
14 verbose stack Exit status 3221225786
14 verbose stack     at EventEmitter.<anonymous> (C:\Program Files\nodejs\node_modules\npm\lib\utils\lifecycle.js:255:16)
14 verbose stack     at emitTwo (events.js:106:13)
14 verbose stack     at EventEmitter.emit (events.js:191:7)
14 verbose stack     at ChildProcess.<anonymous> (C:\Program Files\nodejs\node_modules\npm\lib\utils\spawn.js:40:14)
14 verbose stack     at emitTwo (events.js:106:13)
14 verbose stack     at ChildProcess.emit (events.js:191:7)
14 verbose stack     at maybeClose (internal/child_process.js:885:16)
14 verbose stack     at Process.ChildProcess._handle.onexit (internal/child_process.js:226:5)
15 verbose pkgid twitch-bot@1.0.0
16 verbose cwd C:\users\will\desktop\twitch-bot
17 error Windows_NT 10.0.14393
18 error argv "C:\\Program Files\\nodejs\\node.exe" "C:\\Program Files\\nodejs\\node_modules\\npm\\bin\\npm-cli.js" "run" "bot"
19 error node v7.2.0
20 error npm  v3.10.9
21 error code ELIFECYCLE
22 error twitch-bot@1.0.0 bot: `gulp && electron . --enable-logging --disable-direct-composition --disable-gpu # node dist/index`
22 error Exit status 3221225786
23 error Failed at the twitch-bot@1.0.0 bot script 'gulp && electron . --enable-logging --disable-direct-composition --disable-gpu # node dist/index'.
23 error Make sure you have the latest version of node.js and npm installed.
23 error If you do, this is most likely a problem with the twitch-bot package,
23 error not with npm itself.
23 error Tell the author that this fails on your system:
23 error     gulp && electron . --enable-logging --disable-direct-composition --disable-gpu # node dist/index
23 error You can get information on how to open an issue for this project with:
23 error     npm bugs twitch-bot
23 error Or if that isn't available, you can get their info via:
23 error     npm owner ls twitch-bot
23 error There is likely additional logging output above.
24 verbose exit [ 1, true ]
